Buildfile: build.xml

-pre-init:
     [echo] INDEXDIR:           '/home/aida/indexes'
     [echo] manager.port:       '80'

-init-private:

-init-user:

-init-project:

-init-macrodef-property:

-do-init:

-post-init:

-init-check:

-init-macrodef-javac:

-init-macrodef-junit:

-init-macrodef-nbjpda:

-init-debug-args:

-init-macrodef-debug:

-init-macrodef-java:

-init-presetdef-jar:

init:

deps-jar:

-pre-pre-compile:

-pre-compile:

-compile-depend:

-do-compile:

-post-compile:

compile:

-pre-pre-compile-test:

-pre-compile-test:

-compile-test-depend:
   [depend] Deleted 1 out of date files in 0 seconds

-do-compile-test:
    [javac] Compiling 1 source file to /home/aida/.hudson/jobs/AIDA/workspace/AIDA/Search/Indexer/build/test/classes

-post-compile-test:

compile-test:

-pre-test-run:

-do-test-run:
    [junit] Testsuite: indexer.ConfigurationHandlerTest
    [junit] Tests run: 8, Failures: 0, Errors: 0, Time elapsed: 0.056 sec
    [junit] 
    [junit] Testsuite: indexer.IndexerTest
    [junit] Indexing finished, added 1 files to /home/aida/indexes/testindex (was unable to index 0 files)
    [junit] Indexing finished, added 1 files to /home/aida/indexes/testindex (was unable to index 0 files)
    [junit] Indexing finished, added 1 files to /home/aida/indexes/testindex (was unable to index 0 files)
    [junit] Indexing finished, added 1 files to /home/aida/indexes/testindex (was unable to index 0 files)
    [junit] Oct 12, 2010 3:54:05 PM indexer.HandlerFactory loadHandler
    [junit] SEVERE: Found a file with no handler defined: Grant Update 1-2.doc.svn-base (needs a 'indexer.Svn-baseHandler' class)
    [junit] Oct 12, 2010 3:54:05 PM indexer.HandlerFactory loadHandler
    [junit] SEVERE: Found a file with no handler defined: 100.med.svn-base (needs a 'indexer.Svn-baseHandler' class)
    [junit] Oct 12, 2010 3:54:05 PM indexer.HandlerFactory loadHandler
    [junit] SEVERE: Found a file with no handler defined: wonder.txt.svn-base (needs a 'indexer.Svn-baseHandler' class)
    [junit] Oct 12, 2010 3:54:05 PM indexer.HandlerFactory loadHandler
    [junit] SEVERE: Found a file with no handler defined: dp1LSAintro.pdf.svn-base (needs a 'indexer.Svn-baseHandler' class)
    [junit] Oct 12, 2010 3:54:05 PM indexer.HandlerFactory loadHandler
    [junit] SEVERE: Found a file with no handler defined: 101.med.svn-base (needs a 'indexer.Svn-baseHandler' class)
    [junit] Oct 12, 2010 3:54:05 PM indexer.HandlerFactory loadHandler
    [junit] SEVERE: Found a file with no handler defined: Grant Update 1-2.doc.svn-base (needs a 'indexer.Svn-baseHandler' class)
    [junit] Oct 12, 2010 3:54:05 PM indexer.HandlerFactory loadHandler
    [junit] SEVERE: Found a file with no handler defined: 100.med.svn-base (needs a 'indexer.Svn-baseHandler' class)
    [junit] Oct 12, 2010 3:54:05 PM indexer.HandlerFactory loadHandler
    [junit] SEVERE: Found a file with no handler defined: wonder.txt.svn-base (needs a 'indexer.Svn-baseHandler' class)
    [junit] Oct 12, 2010 3:54:05 PM indexer.HandlerFactory loadHandler
    [junit] SEVERE: Found a file with no handler defined: dp1LSAintro.pdf.svn-base (needs a 'indexer.Svn-baseHandler' class)
    [junit] Oct 12, 2010 3:54:05 PM indexer.HandlerFactory loadHandler
    [junit] SEVERE: Found a file with no handler defined: 101.med.svn-base (needs a 'indexer.Svn-baseHandler' class)
    [junit] Oct 12, 2010 3:54:05 PM indexer.HandlerFactory loadHandler
    [junit] SEVERE: Found a file with no handler defined: entries (needs a '' class)
    [junit] Indexing finished, added 5 files to /home/aida/indexes/testindex (was unable to index 11 files)
    [junit] Tests run: 5, Failures: 0, Errors: 0, Time elapsed: 6.798 sec
    [junit] 
    [junit] ------------- Standard Output ---------------
    [junit] Indexing finished, added 1 files to /home/aida/indexes/testindex (was unable to index 0 files)
    [junit] Indexing finished, added 1 files to /home/aida/indexes/testindex (was unable to index 0 files)
    [junit] Indexing finished, added 1 files to /home/aida/indexes/testindex (was unable to index 0 files)
    [junit] Indexing finished, added 1 files to /home/aida/indexes/testindex (was unable to index 0 files)
    [junit] Indexing finished, added 5 files to /home/aida/indexes/testindex (was unable to index 11 files)
    [junit] ------------- ---------------- ---------------
    [junit] ------------- Standard Error -----------------
    [junit] Oct 12, 2010 3:54:05 PM indexer.HandlerFactory loadHandler
    [junit] SEVERE: Found a file with no handler defined: Grant Update 1-2.doc.svn-base (needs a 'indexer.Svn-baseHandler' class)
    [junit] Oct 12, 2010 3:54:05 PM indexer.HandlerFactory loadHandler
    [junit] SEVERE: Found a file with no handler defined: 100.med.svn-base (needs a 'indexer.Svn-baseHandler' class)
    [junit] Oct 12, 2010 3:54:05 PM indexer.HandlerFactory loadHandler
    [junit] SEVERE: Found a file with no handler defined: wonder.txt.svn-base (needs a 'indexer.Svn-baseHandler' class)
    [junit] Oct 12, 2010 3:54:05 PM indexer.HandlerFactory loadHandler
    [junit] SEVERE: Found a file with no handler defined: dp1LSAintro.pdf.svn-base (needs a 'indexer.Svn-baseHandler' class)
    [junit] Oct 12, 2010 3:54:05 PM indexer.HandlerFactory loadHandler
    [junit] SEVERE: Found a file with no handler defined: 101.med.svn-base (needs a 'indexer.Svn-baseHandler' class)
    [junit] Oct 12, 2010 3:54:05 PM indexer.HandlerFactory loadHandler
    [junit] SEVERE: Found a file with no handler defined: Grant Update 1-2.doc.svn-base (needs a 'indexer.Svn-baseHandler' class)
    [junit] Oct 12, 2010 3:54:05 PM indexer.HandlerFactory loadHandler
    [junit] SEVERE: Found a file with no handler defined: 100.med.svn-base (needs a 'indexer.Svn-baseHandler' class)
    [junit] Oct 12, 2010 3:54:05 PM indexer.HandlerFactory loadHandler
    [junit] SEVERE: Found a file with no handler defined: wonder.txt.svn-base (needs a 'indexer.Svn-baseHandler' class)
    [junit] Oct 12, 2010 3:54:05 PM indexer.HandlerFactory loadHandler
    [junit] SEVERE: Found a file with no handler defined: dp1LSAintro.pdf.svn-base (needs a 'indexer.Svn-baseHandler' class)
    [junit] Oct 12, 2010 3:54:05 PM indexer.HandlerFactory loadHandler
    [junit] SEVERE: Found a file with no handler defined: 101.med.svn-base (needs a 'indexer.Svn-baseHandler' class)
    [junit] Oct 12, 2010 3:54:05 PM indexer.HandlerFactory loadHandler
    [junit] SEVERE: Found a file with no handler defined: entries (needs a '' class)
    [junit] ------------- ---------------- ---------------
    [junit] Testsuite: indexer.WebServiceTest
    [junit] Tests run: 1, Failures: 0, Errors: 0, Time elapsed: 0.067 sec
    [junit] 

test-report:

-post-test-run:

-test-browse:

test:

-pre-init:
     [echo] INDEXDIR:           '/home/aida/indexes'
     [echo] manager.port:       '80'

-init-private:

-init-user:

-init-project:

-init-macrodef-property:

-do-init:

-post-init:

-init-check:

-init-macrodef-javac:

-init-macrodef-junit:

-init-macrodef-nbjpda:

-init-debug-args:

-init-macrodef-debug:

-init-macrodef-java:

-init-presetdef-jar:

init:

deps-jar:

-pre-pre-compile:

-pre-compile:

-compile-depend:

-do-compile:

-post-compile:

compile:

-pre-pre-compile-test:

-pre-compile-test:

-compile-test-depend:

-do-compile-test:

-post-compile-test:

compile-test:

-pre-test-run:

-do-test-run:
    [junit] Testsuite: indexer.ConfigurationHandlerTest
    [junit] Tests run: 8, Failures: 0, Errors: 0, Time elapsed: 0.046 sec
    [junit] 
    [junit] Testsuite: indexer.IndexerTest
    [junit] Indexing finished, added 1 files to /home/aida/indexes/testindex (was unable to index 0 files)
    [junit] Indexing finished, added 1 files to /home/aida/indexes/testindex (was unable to index 0 files)
    [junit] Indexing finished, added 1 files to /home/aida/indexes/testindex (was unable to index 0 files)
    [junit] Indexing finished, added 1 files to /home/aida/indexes/testindex (was unable to index 0 files)
    [junit] Oct 12, 2010 3:54:13 PM indexer.HandlerFactory loadHandler
    [junit] SEVERE: Found a file with no handler defined: Grant Update 1-2.doc.svn-base (needs a 'indexer.Svn-baseHandler' class)
    [junit] Oct 12, 2010 3:54:13 PM indexer.HandlerFactory loadHandler
    [junit] SEVERE: Found a file with no handler defined: 100.med.svn-base (needs a 'indexer.Svn-baseHandler' class)
    [junit] Oct 12, 2010 3:54:13 PM indexer.HandlerFactory loadHandler
    [junit] SEVERE: Found a file with no handler defined: wonder.txt.svn-base (needs a 'indexer.Svn-baseHandler' class)
    [junit] Oct 12, 2010 3:54:13 PM indexer.HandlerFactory loadHandler
    [junit] SEVERE: Found a file with no handler defined: dp1LSAintro.pdf.svn-base (needs a 'indexer.Svn-baseHandler' class)
    [junit] Oct 12, 2010 3:54:13 PM indexer.HandlerFactory loadHandler
    [junit] SEVERE: Found a file with no handler defined: 101.med.svn-base (needs a 'indexer.Svn-baseHandler' class)
    [junit] Oct 12, 2010 3:54:13 PM indexer.HandlerFactory loadHandler
    [junit] SEVERE: Found a file with no handler defined: Grant Update 1-2.doc.svn-base (needs a 'indexer.Svn-baseHandler' class)
    [junit] Oct 12, 2010 3:54:13 PM indexer.HandlerFactory loadHandler
    [junit] SEVERE: Found a file with no handler defined: 100.med.svn-base (needs a 'indexer.Svn-baseHandler' class)
    [junit] Oct 12, 2010 3:54:13 PM indexer.HandlerFactory loadHandler
    [junit] SEVERE: Found a file with no handler defined: wonder.txt.svn-base (needs a 'indexer.Svn-baseHandler' class)
    [junit] Oct 12, 2010 3:54:13 PM indexer.HandlerFactory loadHandler
    [junit] SEVERE: Found a file with no handler defined: dp1LSAintro.pdf.svn-base (needs a 'indexer.Svn-baseHandler' class)
    [junit] Oct 12, 2010 3:54:13 PM indexer.HandlerFactory loadHandler
    [junit] SEVERE: Found a file with no handler defined: 101.med.svn-base (needs a 'indexer.Svn-baseHandler' class)
    [junit] Oct 12, 2010 3:54:13 PM indexer.HandlerFactory loadHandler
    [junit] SEVERE: Found a file with no handler defined: entries (needs a '' class)
    [junit] Indexing finished, added 5 files to /home/aida/indexes/testindex (was unable to index 11 files)
    [junit] Tests run: 5, Failures: 0, Errors: 0, Time elapsed: 5.713 sec
    [junit] 
    [junit] ------------- Standard Output ---------------
    [junit] Indexing finished, added 1 files to /home/aida/indexes/testindex (was unable to index 0 files)
    [junit] Indexing finished, added 1 files to /home/aida/indexes/testindex (was unable to index 0 files)
    [junit] Indexing finished, added 1 files to /home/aida/indexes/testindex (was unable to index 0 files)
    [junit] Indexing finished, added 1 files to /home/aida/indexes/testindex (was unable to index 0 files)
    [junit] Indexing finished, added 5 files to /home/aida/indexes/testindex (was unable to index 11 files)
    [junit] ------------- ---------------- ---------------
    [junit] ------------- Standard Error -----------------
    [junit] Oct 12, 2010 3:54:13 PM indexer.HandlerFactory loadHandler
    [junit] SEVERE: Found a file with no handler defined: Grant Update 1-2.doc.svn-base (needs a 'indexer.Svn-baseHandler' class)
    [junit] Oct 12, 2010 3:54:13 PM indexer.HandlerFactory loadHandler
    [junit] SEVERE: Found a file with no handler defined: 100.med.svn-base (needs a 'indexer.Svn-baseHandler' class)
    [junit] Oct 12, 2010 3:54:13 PM indexer.HandlerFactory loadHandler
    [junit] SEVERE: Found a file with no handler defined: wonder.txt.svn-base (needs a 'indexer.Svn-baseHandler' class)
    [junit] Oct 12, 2010 3:54:13 PM indexer.HandlerFactory loadHandler
    [junit] SEVERE: Found a file with no handler defined: dp1LSAintro.pdf.svn-base (needs a 'indexer.Svn-baseHandler' class)
    [junit] Oct 12, 2010 3:54:13 PM indexer.HandlerFactory loadHandler
    [junit] SEVERE: Found a file with no handler defined: 101.med.svn-base (needs a 'indexer.Svn-baseHandler' class)
    [junit] Oct 12, 2010 3:54:13 PM indexer.HandlerFactory loadHandler
    [junit] SEVERE: Found a file with no handler defined: Grant Update 1-2.doc.svn-base (needs a 'indexer.Svn-baseHandler' class)
    [junit] Oct 12, 2010 3:54:13 PM indexer.HandlerFactory loadHandler
    [junit] SEVERE: Found a file with no handler defined: 100.med.svn-base (needs a 'indexer.Svn-baseHandler' class)
    [junit] Oct 12, 2010 3:54:13 PM indexer.HandlerFactory loadHandler
    [junit] SEVERE: Found a file with no handler defined: wonder.txt.svn-base (needs a 'indexer.Svn-baseHandler' class)
    [junit] Oct 12, 2010 3:54:13 PM indexer.HandlerFactory loadHandler
    [junit] SEVERE: Found a file with no handler defined: dp1LSAintro.pdf.svn-base (needs a 'indexer.Svn-baseHandler' class)
    [junit] Oct 12, 2010 3:54:13 PM indexer.HandlerFactory loadHandler
    [junit] SEVERE: Found a file with no handler defined: 101.med.svn-base (needs a 'indexer.Svn-baseHandler' class)
    [junit] Oct 12, 2010 3:54:13 PM indexer.HandlerFactory loadHandler
    [junit] SEVERE: Found a file with no handler defined: entries (needs a '' class)
    [junit] ------------- ---------------- ---------------
    [junit] Testsuite: indexer.WebServiceTest
    [junit] Tests run: 1, Failures: 0, Errors: 0, Time elapsed: 0.068 sec
    [junit] 

test-report:

-post-test-run:

-test-browse:

test:

-pre-jar:

-pre-pre-jar:

-do-jar-with-manifest:

-do-jar-without-manifest:

-do-jar-with-mainclass:
     [echo] To run this application from the command line without Ant, try:
     [echo] java -cp "/home/aida/.hudson/jobs/AIDA/workspace/AIDA/Search/Indexer/lib/activation.jar:/home/aida/.hudson/jobs/AIDA/workspace/AIDA/Search/Indexer/lib/axis.jar:/home/aida/.hudson/jobs/AIDA/workspace/AIDA/Search/Indexer/lib/cog-jglobus.jar:/home/aida/.hudson/jobs/AIDA/workspace/AIDA/Search/Indexer/lib/commons-beanutils.jar:/home/aida/.hudson/jobs/AIDA/workspace/AIDA/Search/Indexer/lib/commons-collections-3.2.jar:/home/aida/.hudson/jobs/AIDA/workspace/AIDA/Search/Indexer/lib/commons-configuration-1.2.jar:/home/aida/.hudson/jobs/AIDA/workspace/AIDA/Search/Indexer/lib/commons-digester-1.7.jar:/home/aida/.hudson/jobs/AIDA/workspace/AIDA/Search/Indexer/lib/commons-discovery-0.2.jar:/home/aida/.hudson/jobs/AIDA/workspace/AIDA/Search/Indexer/lib/commons-lang-2.3.jar:/home/aida/.hudson/jobs/AIDA/workspace/AIDA/Search/Indexer/lib/commons-logging.jar:/home/aida/.hudson/jobs/AIDA/workspace/AIDA/Search/Indexer/lib/commons-math-1.1.jar:/home/aida/.hudson/jobs/AIDA/workspace/AIDA/Search/Indexer/lib/jargon_v1.4.20.jar:/home/aida/.hudson/jobs/AIDA/workspace/AIDA/Search/Indexer/lib/javax.servlet.jar:/home/aida/.hudson/jobs/AIDA/workspace/AIDA/Search/Indexer/lib/jaxb-api.jar:/home/aida/.hudson/jobs/AIDA/workspace/AIDA/Search/Indexer/lib/jaxb-impl.jar:/home/aida/.hudson/jobs/AIDA/workspace/AIDA/Search/Indexer/lib/jaxb-xjc.jar:/home/aida/.hudson/jobs/AIDA/workspace/AIDA/Search/Indexer/lib/jaxrpc.jar:/home/aida/.hudson/jobs/AIDA/workspace/AIDA/Search/Indexer/lib/jdbm-1.0.jar:/home/aida/.hudson/jobs/AIDA/workspace/AIDA/Search/Indexer/lib/jsr173_api.jar:/home/aida/.hudson/jobs/AIDA/workspace/AIDA/Search/Indexer/lib/jstl.jar:/home/aida/.hudson/jobs/AIDA/workspace/AIDA/Search/Indexer/lib/junit-3.8.2.jar:/home/aida/.hudson/jobs/AIDA/workspace/AIDA/Search/Indexer/lib/lingpipe-2.2.0.jar:/home/aida/.hudson/jobs/AIDA/workspace/AIDA/Search/Indexer/lib/lucene-core-2.1.0.jar:/home/aida/.hudson/jobs/AIDA/workspace/AIDA/Search/Indexer/lib/mina-0.8.1.jar:/home/aida/.hudson/jobs/AIDA/workspace/AIDA/Search/Indexer/lib/PDFBox-0.7.2.jar:/home/aida/.hudson/jobs/AIDA/workspace/AIDA/Search/Indexer/lib/saaj.jar:/home/aida/.hudson/jobs/AIDA/workspace/AIDA/Search/Indexer/lib/servlet-api.jar:/home/aida/.hudson/jobs/AIDA/workspace/AIDA/Search/Indexer/lib/standard.jar:/home/aida/.hudson/jobs/AIDA/workspace/AIDA/Search/Indexer/lib/tm-extractors-0.4.jar:/home/aida/.hudson/jobs/AIDA/workspace/AIDA/Search/Indexer/lib/xbean.jar:/home/aida/.hudson/jobs/AIDA/workspace/AIDA/Search/Indexer/dist/Indexer.jar" nl.uva.science.wsdtf.Tests.Test

-do-jar-with-libraries:

-post-jar:

jar:

-javadoc-build:
  [javadoc] Warning: Leaving out empty argument '-windowtitle'
  [javadoc] Generating Javadoc
  [javadoc] Javadoc execution
  [javadoc] Loading source file /home/aida/.hudson/jobs/AIDA/workspace/AIDA/Search/Indexer/src/indexer/AnalyzerFactory.java...
  [javadoc] Loading source file /home/aida/.hudson/jobs/AIDA/workspace/AIDA/Search/Indexer/src/indexer/BaseIndexing.java...
  [javadoc] Loading source file /home/aida/.hudson/jobs/AIDA/workspace/AIDA/Search/Indexer/src/indexer/ConfigurationHandler.java...
  [javadoc] Loading source file /home/aida/.hudson/jobs/AIDA/workspace/AIDA/Search/Indexer/src/indexer/DocConverter.java...
  [javadoc] Loading source file /home/aida/.hudson/jobs/AIDA/workspace/AIDA/Search/Indexer/src/indexer/DocHandler.java...
  [javadoc] Loading source file /home/aida/.hudson/jobs/AIDA/workspace/AIDA/Search/Indexer/src/indexer/DocumentHandlerException.java...
  [javadoc] Loading source file /home/aida/.hudson/jobs/AIDA/workspace/AIDA/Search/Indexer/src/indexer/FileHandlerException.java...
  [javadoc] Loading source file /home/aida/.hudson/jobs/AIDA/workspace/AIDA/Search/Indexer/src/indexer/HandlerFactory.java...
  [javadoc] Loading source file /home/aida/.hudson/jobs/AIDA/workspace/AIDA/Search/Indexer/src/indexer/IndexAdder.java...
  [javadoc] Loading source file /home/aida/.hudson/jobs/AIDA/workspace/AIDA/Search/Indexer/src/indexer/Indexer.java...
  [javadoc] Loading source file /home/aida/.hudson/jobs/AIDA/workspace/AIDA/Search/Indexer/src/indexer/MedlineHandler.java...
  [javadoc] Loading source file /home/aida/.hudson/jobs/AIDA/workspace/AIDA/Search/Indexer/src/indexer/MswordHandler.java...
  [javadoc] Loading source file /home/aida/.hudson/jobs/AIDA/workspace/AIDA/Search/Indexer/src/indexer/PdfHandler.java...
  [javadoc] Loading source file /home/aida/.hudson/jobs/AIDA/workspace/AIDA/Search/Indexer/src/indexer/RemoteIndexer.java...
  [javadoc] Loading source file /home/aida/.hudson/jobs/AIDA/workspace/AIDA/Search/Indexer/src/indexer/SRBhandler.java...
  [javadoc] Loading source file /home/aida/.hudson/jobs/AIDA/workspace/AIDA/Search/Indexer/src/indexer/TxtHandler.java...
  [javadoc] Loading source file /home/aida/.hudson/jobs/AIDA/workspace/AIDA/Search/Indexer/src/indexer/Utilities.java...
  [javadoc] Loading source file /home/aida/.hudson/jobs/AIDA/workspace/AIDA/Search/Indexer/src/indexer/config/AnalyzerType.java...
  [javadoc] Loading source file /home/aida/.hudson/jobs/AIDA/workspace/AIDA/Search/Indexer/src/indexer/config/ConfigType.java...
  [javadoc] Loading source file /home/aida/.hudson/jobs/AIDA/workspace/AIDA/Search/Indexer/src/indexer/config/DocType.java...
  [javadoc] Loading source file /home/aida/.hudson/jobs/AIDA/workspace/AIDA/Search/Indexer/src/indexer/config/FieldType.java...
  [javadoc] Loading source file /home/aida/.hudson/jobs/AIDA/workspace/AIDA/Search/Indexer/src/indexer/config/IndexType.java...
  [javadoc] Loading source file /home/aida/.hudson/jobs/AIDA/workspace/AIDA/Search/Indexer/src/indexer/config/ObjectFactory.java...
  [javadoc] Loading source file /home/aida/.hudson/jobs/AIDA/workspace/AIDA/Search/Indexer/src/indexer/config/VectorType.java...
  [javadoc] Loading source file /home/aida/.hudson/jobs/AIDA/workspace/AIDA/Search/Indexer/src/indexer/config/package-info.java...
  [javadoc] Loading source file /home/aida/.hudson/jobs/AIDA/workspace/AIDA/Search/Indexer/src/nl/uva/science/wsdtf/StreamClient.java...
  [javadoc] Loading source file /home/aida/.hudson/jobs/AIDA/workspace/AIDA/Search/Indexer/src/nl/uva/science/wsdtf/StreamClientImpl.java...
  [javadoc] Loading source file /home/aida/.hudson/jobs/AIDA/workspace/AIDA/Search/Indexer/src/nl/uva/science/wsdtf/StreamServer.java...
  [javadoc] Loading source file /home/aida/.hudson/jobs/AIDA/workspace/AIDA/Search/Indexer/src/nl/uva/science/wsdtf/StreamServerImpl.java...
  [javadoc] Loading source file /home/aida/.hudson/jobs/AIDA/workspace/AIDA/Search/Indexer/src/nl/uva/science/wsdtf/Tests/Test.java...
  [javadoc] Loading source file /home/aida/.hudson/jobs/AIDA/workspace/AIDA/Search/Indexer/src/nl/uva/science/wsdtf/Tests/TestConf.java...
  [javadoc] Loading source file /home/aida/.hudson/jobs/AIDA/workspace/AIDA/Search/Indexer/src/nl/uva/science/wsdtf/Tests/TestGFTP.java...
  [javadoc] Loading source file /home/aida/.hudson/jobs/AIDA/workspace/AIDA/Search/Indexer/src/nl/uva/science/wsdtf/Tests/TestHttp.java...
  [javadoc] Loading source file /home/aida/.hudson/jobs/AIDA/workspace/AIDA/Search/Indexer/src/nl/uva/science/wsdtf/io/Connector.java...
  [javadoc] Loading source file /home/aida/.hudson/jobs/AIDA/workspace/AIDA/Search/Indexer/src/nl/uva/science/wsdtf/protocols/Connection.java...
  [javadoc] Loading source file /home/aida/.hudson/jobs/AIDA/workspace/AIDA/Search/Indexer/src/nl/uva/science/wsdtf/protocols/GridFTPConnection.java...
  [javadoc] Loading source file /home/aida/.hudson/jobs/AIDA/workspace/AIDA/Search/Indexer/src/nl/uva/science/wsdtf/protocols/HTTPConnection.java...
  [javadoc] Loading source file /home/aida/.hudson/jobs/AIDA/workspace/AIDA/Search/Indexer/src/nl/uva/science/wsdtf/protocols/HTTPStreamer.java...
  [javadoc] Loading source file /home/aida/.hudson/jobs/AIDA/workspace/AIDA/Search/Indexer/src/nl/uva/science/wsdtf/protocols/RTSPConnection.java...
  [javadoc] Loading source file /home/aida/.hudson/jobs/AIDA/workspace/AIDA/Search/Indexer/src/nl/uva/science/wsdtf/protocols/TCPConnection.java...
  [javadoc] Loading source file /home/aida/.hudson/jobs/AIDA/workspace/AIDA/Search/Indexer/src/nl/uva/science/wsdtf/protocols/UDPConnection.java...
  [javadoc] Loading source file /home/aida/.hudson/jobs/AIDA/workspace/AIDA/Search/Indexer/src/nl/uva/science/wsdtf/utilities/Constants.java...
  [javadoc] Loading source file /home/aida/.hudson/jobs/AIDA/workspace/AIDA/Search/Indexer/src/nl/uva/science/wsdtf/utilities/Initilize.java...
  [javadoc] Loading source file /home/aida/.hudson/jobs/AIDA/workspace/AIDA/Search/Indexer/src/nl/uva/science/wsdtf/utilities/Options.java...
  [javadoc] Loading source file /home/aida/.hudson/jobs/AIDA/workspace/AIDA/Search/Indexer/src/nl/uva/science/wsdtf/utilities/Ping.java...
  [javadoc] Loading source file /home/aida/.hudson/jobs/AIDA/workspace/AIDA/Search/Indexer/src/nl/uva/science/wsdtf/utilities/Security.java...
  [javadoc] Loading source file /home/aida/.hudson/jobs/AIDA/workspace/AIDA/Search/Indexer/src/nl/uva/science/wsdtf/utilities/StreamConfig.java...
  [javadoc] Constructing Javadoc information...
  [javadoc] Standard Doclet version 1.6.0_17
  [javadoc] Building tree for all the packages and classes...
  [javadoc] /home/aida/.hudson/jobs/AIDA/workspace/AIDA/Search/Indexer/src/nl/uva/science/wsdtf/utilities/Initilize.java:291: warning - @return tag has no arguments.
  [javadoc] /home/aida/.hudson/jobs/AIDA/workspace/AIDA/Search/Indexer/src/nl/uva/science/wsdtf/utilities/Initilize.java:268: warning - @return tag has no arguments.
  [javadoc] /home/aida/.hudson/jobs/AIDA/workspace/AIDA/Search/Indexer/src/nl/uva/science/wsdtf/utilities/Initilize.java:77: warning - @param argument "the" is not a parameter name.
  [javadoc] /home/aida/.hudson/jobs/AIDA/workspace/AIDA/Search/Indexer/src/nl/uva/science/wsdtf/utilities/Initilize.java:246: warning - @param argument "name," is not a parameter name.
  [javadoc] /home/aida/.hudson/jobs/AIDA/workspace/AIDA/Search/Indexer/src/nl/uva/science/wsdtf/utilities/Initilize.java:336: warning - @param argument "path," is not a parameter name.
  [javadoc] /home/aida/.hudson/jobs/AIDA/workspace/AIDA/Search/Indexer/src/nl/uva/science/wsdtf/utilities/Initilize.java:374: warning - @return, is an unknown tag.
  [javadoc] /home/aida/.hudson/jobs/AIDA/workspace/AIDA/Search/Indexer/src/nl/uva/science/wsdtf/utilities/Initilize.java:397: warning - @param argument "filePath," is not a parameter name.
  [javadoc] /home/aida/.hudson/jobs/AIDA/workspace/AIDA/Search/Indexer/src/nl/uva/science/wsdtf/utilities/Initilize.java:423: warning - @param argument "strConf," is not a parameter name.
  [javadoc] /home/aida/.hudson/jobs/AIDA/workspace/AIDA/Search/Indexer/src/nl/uva/science/wsdtf/utilities/Options.java:98: warning - @param argument "port" is not a parameter name.
  [javadoc] /home/aida/.hudson/jobs/AIDA/workspace/AIDA/Search/Indexer/src/nl/uva/science/wsdtf/utilities/Options.java:98: warning - @param argument "serverLocation" is not a parameter name.
  [javadoc] /home/aida/.hudson/jobs/AIDA/workspace/AIDA/Search/Indexer/src/nl/uva/science/wsdtf/utilities/Security.java:86: warning - @return tag has no arguments.
  [javadoc] /home/aida/.hudson/jobs/AIDA/workspace/AIDA/Search/Indexer/src/nl/uva/science/wsdtf/io/Connector.java:151: warning - @param argument "path" is not a parameter name.
  [javadoc] /home/aida/.hudson/jobs/AIDA/workspace/AIDA/Search/Indexer/src/nl/uva/science/wsdtf/io/Connector.java:172: warning - @param argument "path" is not a parameter name.
  [javadoc] /home/aida/.hudson/jobs/AIDA/workspace/AIDA/Search/Indexer/src/indexer/AnalyzerFactory.java:45: warning - @todo is an unknown tag.
  [javadoc] /home/aida/.hudson/jobs/AIDA/workspace/AIDA/Search/Indexer/src/indexer/AnalyzerFactory.java:54: warning - @todo is an unknown tag.
  [javadoc] /home/aida/.hudson/jobs/AIDA/workspace/AIDA/Search/Indexer/src/indexer/ConfigurationHandler.java:80: warning - @return tag cannot be used in method with void return type.
  [javadoc] /home/aida/.hudson/jobs/AIDA/workspace/AIDA/Search/Indexer/src/indexer/ConfigurationHandler.java:96: warning - @return tag cannot be used in method with void return type.
  [javadoc] /home/aida/.hudson/jobs/AIDA/workspace/AIDA/Search/Indexer/src/indexer/DocHandler.java:35: warning - @param argument "file" is not a parameter name.
  [javadoc] /home/aida/.hudson/jobs/AIDA/workspace/AIDA/Search/Indexer/src/indexer/DocumentHandlerException.java:53: warning - @Overrides is an unknown tag.
  [javadoc] /home/aida/.hudson/jobs/AIDA/workspace/AIDA/Search/Indexer/src/indexer/DocumentHandlerException.java:63: warning - @Overrides is an unknown tag.
  [javadoc] /home/aida/.hudson/jobs/AIDA/workspace/AIDA/Search/Indexer/src/indexer/DocumentHandlerException.java:78: warning - @Overrides is an unknown tag.
  [javadoc] /home/aida/.hudson/jobs/AIDA/workspace/AIDA/Search/Indexer/src/indexer/IndexAdder.java:43: warning - @todo is an unknown tag.
  [javadoc] /home/aida/.hudson/jobs/AIDA/workspace/AIDA/Search/Indexer/src/indexer/Indexer.java:401: warning - @param argument "extension" is not a parameter name.
  [javadoc] /home/aida/.hudson/jobs/AIDA/workspace/AIDA/Search/Indexer/src/indexer/TxtHandler.java:13: warning - @todo is an unknown tag.
  [javadoc] /home/aida/.hudson/jobs/AIDA/workspace/AIDA/Search/Indexer/src/indexer/Utilities.java:220: warning - @return tag has no arguments.
  [javadoc] /home/aida/.hudson/jobs/AIDA/workspace/AIDA/Search/Indexer/src/indexer/Utilities.java:388: warning - @todo is an unknown tag.
  [javadoc] /home/aida/.hudson/jobs/AIDA/workspace/AIDA/Search/Indexer/src/indexer/Utilities.java:434: warning - @todo is an unknown tag.
  [javadoc] /home/aida/.hudson/jobs/AIDA/workspace/AIDA/Search/Indexer/src/indexer/Utilities.java:434: warning - @param argument "config" is not a parameter name.
  [javadoc] /home/aida/.hudson/jobs/AIDA/workspace/AIDA/Search/Indexer/src/nl/uva/science/wsdtf/StreamClientImpl.java:44: warning - @Override is an unknown tag.
  [javadoc] /home/aida/.hudson/jobs/AIDA/workspace/AIDA/Search/Indexer/src/nl/uva/science/wsdtf/StreamClientImpl.java:150: warning - @Override is an unknown tag.
  [javadoc] /home/aida/.hudson/jobs/AIDA/workspace/AIDA/Search/Indexer/src/nl/uva/science/wsdtf/StreamServerImpl.java:39: warning - @Override is an unknown tag.
  [javadoc] /home/aida/.hudson/jobs/AIDA/workspace/AIDA/Search/Indexer/src/nl/uva/science/wsdtf/StreamServerImpl.java:129: warning - @Override is an unknown tag.
  [javadoc] /home/aida/.hudson/jobs/AIDA/workspace/AIDA/Search/Indexer/src/nl/uva/science/wsdtf/protocols/TCPConnection.java:111: warning - @param argument "off," is not a parameter name.
  [javadoc] /home/aida/.hudson/jobs/AIDA/workspace/AIDA/Search/Indexer/src/nl/uva/science/wsdtf/protocols/TCPConnection.java:111: warning - @param argument "len," is not a parameter name.
  [javadoc] /home/aida/.hudson/jobs/AIDA/workspace/AIDA/Search/Indexer/src/nl/uva/science/wsdtf/protocols/TCPConnection.java:129: warning - @params is an unknown tag.
  [javadoc] /home/aida/.hudson/jobs/AIDA/workspace/AIDA/Search/Indexer/src/nl/uva/science/wsdtf/protocols/UDPConnection.java:350: warning - @param argument "len," is not a parameter name.
  [javadoc] Building index for all the packages and classes...
  [javadoc] Building index for all classes...
  [javadoc] Generating /home/aida/.hudson/jobs/AIDA/workspace/AIDA/Search/Indexer/dist/javadoc/stylesheet.css...
  [javadoc] 36 warnings

-javadoc-browse:

javadoc:

install:
[axis-admin] Processing file /home/aida/.hudson/jobs/AIDA/workspace/AIDA/Search/Indexer/deploy.wsdd
[axis-admin] <Admin>Done processing</Admin>

BUILD SUCCESSFUL
Total time: 22 seconds
